INFO:     Started server process [8884]
INFO:     Waiting for application startup.
2026-07-23 12:26:55,834 INFO package: mysql.connector.plugins
2026-07-23 12:26:55,834 INFO plugin_name: caching_sha2_password
2026-07-23 12:26:55,834 INFO AUTHENTICATION_PLUGIN_CLASS: MySQLCachingSHA2PasswordAuthPlugin
2026-07-23 12:26:56,119 INFO DB connection pool warmed at startup
INFO:     Application startup complete.
INFO:     Uvicorn running on http://0.0.0.0:8000 (Press CTRL+C to quit)
INFO:     127.0.0.1:61937 - "GET /health HTTP/1.1" 200 OK
INFO:     127.0.0.1:53271 - "OPTIONS /profile HTTP/1.1" 200 OK
2026-07-23 12:34:02,540 ERROR Unhandled error on GET /profile: ProgrammingError 1054 (42S22): Unknown column 'sp.section' in 'field list'
INFO:     127.0.0.1:53271 - "GET /profile HTTP/1.1" 500 Internal Server Error
ERROR:    Exception in ASGI application
  + Exception Group Traceback (most recent call last):
  |   File "C:\Users\vishal6385\Desktop\m g ai\orion--AI\backend\venv\Lib\site-packages\starlette\_utils.py", line 79, in collapse_excgroups
  |     yield
  |   File "C:\Users\vishal6385\Desktop\m g ai\orion--AI\backend\venv\Lib\site-packages\starlette\middleware\base.py", line 183, in __call__
  |     async with anyio.create_task_group() as task_group:
  |                ^^^^^^^^^^^^^^^^^^^^^^^^^
  |   File "C:\Users\vishal6385\Desktop\m g ai\orion--AI\backend\venv\Lib\site-packages\anyio\_backends\_asyncio.py", line 815, in __aexit__
  |     raise BaseExceptionGroup(
  | ExceptionGroup: unhandled errors in a TaskGroup (1 sub-exception)
  +-+---------------- 1 ----------------
    | Traceback (most recent call last):
    |   File "C:\Users\vishal6385\Desktop\m g ai\orion--AI\backend\venv\Lib\site-packages\uvicorn\protocols\http\httptools_impl.py", line 409, in run_asgi
    |     result = await app(  # type: ignore[func-returns-value]
    |              ^^^^^^^^^^^^^^^^^^^^^^^^^^^^^^^^^^^^^^^^^^^^^^
    |   File "C:\Users\vishal6385\Desktop\m g ai\orion--AI\backend\venv\Lib\site-packages\uvicorn\middleware\proxy_headers.py", line 60, in __call__
    |     return await self.app(scope, receive, send)
    |            ^^^^^^^^^^^^^^^^^^^^^^^^^^^^^^^^^^^^
    |   File "C:\Users\vishal6385\Desktop\m g ai\orion--AI\backend\venv\Lib\site-packages\fastapi\applications.py", line 1054, in __call__
    |     await super().__call__(scope, receive, send)
    |   File "C:\Users\vishal6385\Desktop\m g ai\orion--AI\backend\venv\Lib\site-packages\starlette\applications.py", line 113, in __call__
    |     await self.middleware_stack(scope, receive, send)
    |   File "C:\Users\vishal6385\Desktop\m g ai\orion--AI\backend\venv\Lib\site-packages\starlette\middleware\errors.py", line 186, in __call__
    |     raise exc
    |   File "C:\Users\vishal6385\Desktop\m g ai\orion--AI\backend\venv\Lib\site-packages\starlette\middleware\errors.py", line 164, in __call__
    |     await self.app(scope, receive, _send)
    |   File "C:\Users\vishal6385\Desktop\m g ai\orion--AI\backend\venv\Lib\site-packages\starlette\middleware\base.py", line 182, in __call__
    |     with recv_stream, send_stream, collapse_excgroups():
    |                                    ^^^^^^^^^^^^^^^^^^^^
    |   File "C:\Program Files\WindowsApps\PythonSoftwareFoundation.Python.3.12_3.12.2800.0_x64__qbz5n2kfra8p0\Lib\contextlib.py", line 158, in __exit__
    |     self.gen.throw(value)
    |   File "C:\Users\vishal6385\Desktop\m g ai\orion--AI\backend\venv\Lib\site-packages\starlette\_utils.py", line 85, in collapse_excgroups
    |     raise exc
    |   File "C:\Users\vishal6385\Desktop\m g ai\orion--AI\backend\venv\Lib\site-packages\starlette\middleware\base.py", line 184, in __call__
    |     response = await self.dispatch_func(request, call_next)
    |                ^^^^^^^^^^^^^^^^^^^^^^^^^^^^^^^^^^^^^^^^^^^^
    |   File "C:\Users\vishal6385\Desktop\m g ai\orion--AI\backend\main.py", line 75, in dispatch
    |     return await call_next(request)
    |            ^^^^^^^^^^^^^^^^^^^^^^^^
    |   File "C:\Users\vishal6385\Desktop\m g ai\orion--AI\backend\venv\Lib\site-packages\starlette\middleware\base.py", line 159, in call_next
    |     raise app_exc
    |   File "C:\Users\vishal6385\Desktop\m g ai\orion--AI\backend\venv\Lib\site-packages\starlette\middleware\base.py", line 144, in coro
    |     await self.app(scope, receive_or_disconnect, send_no_error)
    |   File "C:\Users\vishal6385\Desktop\m g ai\orion--AI\backend\venv\Lib\site-packages\starlette\middleware\cors.py", line 93, in __call__
    |     await self.simple_response(scope, receive, send, request_headers=headers)
    |   File "C:\Users\vishal6385\Desktop\m g ai\orion--AI\backend\venv\Lib\site-packages\starlette\middleware\cors.py", line 144, in simple_response
    |     await self.app(scope, receive, send)
    |   File "C:\Users\vishal6385\Desktop\m g ai\orion--AI\backend\venv\Lib\site-packages\starlette\middleware\exceptions.py", line 63, in __call__
    |     await wrap_app_handling_exceptions(self.app, conn)(scope, receive, send)
    |   File "C:\Users\vishal6385\Desktop\m g ai\orion--AI\backend\venv\Lib\site-packages\starlette\_exception_handler.py", line 53, in wrapped_app
    |     raise exc
    |   File "C:\Users\vishal6385\Desktop\m g ai\orion--AI\backend\venv\Lib\site-packages\starlette\_exception_handler.py", line 42, in wrapped_app
    |     await app(scope, receive, sender)
    |   File "C:\Users\vishal6385\Desktop\m g ai\orion--AI\backend\venv\Lib\site-packages\starlette\routing.py", line 716, in __call__
    |     await self.middleware_stack(scope, receive, send)
    |   File "C:\Users\vishal6385\Desktop\m g ai\orion--AI\backend\venv\Lib\site-packages\starlette\routing.py", line 736, in app
    |     await route.handle(scope, receive, send)
    |   File "C:\Users\vishal6385\Desktop\m g ai\orion--AI\backend\venv\Lib\site-packages\starlette\routing.py", line 290, in handle
    |     await self.app(scope, receive, send)
    |   File "C:\Users\vishal6385\Desktop\m g ai\orion--AI\backend\venv\Lib\site-packages\starlette\routing.py", line 78, in app
    |     await wrap_app_handling_exceptions(app, request)(scope, receive, send)
    |   File "C:\Users\vishal6385\Desktop\m g ai\orion--AI\backend\venv\Lib\site-packages\starlette\_exception_handler.py", line 53, in wrapped_app
    |     raise exc
    |   File "C:\Users\vishal6385\Desktop\m g ai\orion--AI\backend\venv\Lib\site-packages\starlette\_exception_handler.py", line 42, in wrapped_app
    |     await app(scope, receive, sender)
    |   File "C:\Users\vishal6385\Desktop\m g ai\orion--AI\backend\venv\Lib\site-packages\starlette\routing.py", line 75, in app
    |     response = await f(request)
    |                ^^^^^^^^^^^^^^^^
    |   File "C:\Users\vishal6385\Desktop\m g ai\orion--AI\backend\venv\Lib\site-packages\fastapi\routing.py", line 292, in app
    |     solved_result = await solve_dependencies(
    |                     ^^^^^^^^^^^^^^^^^^^^^^^^^
    |   File "C:\Users\vishal6385\Desktop\m g ai\orion--AI\backend\venv\Lib\site-packages\fastapi\dependencies\utils.py", line 640, in solve_dependencies
    |     solved = await run_in_threadpool(call, **solved_result.values)
    |              ^^^^^^^^^^^^^^^^^^^^^^^^^^^^^^^^^^^^^^^^^^^^^^^^^^^^^
    |   File "C:\Users\vishal6385\Desktop\m g ai\orion--AI\backend\venv\Lib\site-packages\starlette\concurrency.py", line 38, in run_in_threadpool
    |     return await anyio.to_thread.run_sync(func)
    |            ^^^^^^^^^^^^^^^^^^^^^^^^^^^^^^^^^^^^
    |   File "C:\Users\vishal6385\Desktop\m g ai\orion--AI\backend\venv\Lib\site-packages\anyio\to_thread.py", line 65, in run_sync
    |     return await get_async_backend().run_sync_in_worker_thread(
    |            ^^^^^^^^^^^^^^^^^^^^^^^^^^^^^^^^^^^^^^^^^^^^^^^^^^^^
    |   File "C:\Users\vishal6385\Desktop\m g ai\orion--AI\backend\venv\Lib\site-packages\anyio\_backends\_asyncio.py", line 2641, in run_sync_in_worker_thread
    |     return await future
    |            ^^^^^^^^^^^^
    |   File "C:\Users\vishal6385\Desktop\m g ai\orion--AI\backend\venv\Lib\site-packages\anyio\_backends\_asyncio.py", line 1033, in run
    |     result = context.run(func, *args)
    |              ^^^^^^^^^^^^^^^^^^^^^^^^
    |   File "C:\Users\vishal6385\Desktop\m g ai\orion--AI\backend\security.py", line 63, in get_current_user
    |     user = queries.get_user_by_id(connection, user_id)
    |            ^^^^^^^^^^^^^^^^^^^^^^^^^^^^^^^^^^^^^^^^^^^
    |   File "C:\Users\vishal6385\Desktop\m g ai\orion--AI\backend\database\queries.py", line 57, in get_user_by_id
    |     return fetch_one(
    |            ^^^^^^^^^^
    |   File "C:\Users\vishal6385\Desktop\m g ai\orion--AI\backend\database\queries.py", line 12, in fetch_one
    |     cursor.execute(query, params)
    |   File "C:\Users\vishal6385\Desktop\m g ai\orion--AI\backend\venv\Lib\site-packages\mysql\connector\cursor.py", line 418, in execute
    |     self._connection.cmd_query(
    |   File "C:\Users\vishal6385\Desktop\m g ai\orion--AI\backend\venv\Lib\site-packages\mysql\connector\opentelemetry\context_propagation.py", line 97, in wrapper
    |     return method(cnx, *args, **kwargs)
    |            ^^^^^^^^^^^^^^^^^^^^^^^^^^^^
    |   File "C:\Users\vishal6385\Desktop\m g ai\orion--AI\backend\venv\Lib\site-packages\mysql\connector\_decorating.py", line 89, in handle_cnx_method
    |     raise err
    |   File "C:\Users\vishal6385\Desktop\m g ai\orion--AI\backend\venv\Lib\site-packages\mysql\connector\_decorating.py", line 85, in handle_cnx_method
    |     return cnx_method(cnx, *args, **kwargs)
    |            ^^^^^^^^^^^^^^^^^^^^^^^^^^^^^^^^
    |   File "C:\Users\vishal6385\Desktop\m g ai\orion--AI\backend\venv\Lib\site-packages\mysql\connector\connection.py", line 984, in cmd_query
    |     result = self._handle_result(
    |              ^^^^^^^^^^^^^^^^^^^^
    |   File "C:\Users\vishal6385\Desktop\m g ai\orion--AI\backend\venv\Lib\site-packages\mysql\connector\_decorating.py", line 89, in handle_cnx_method
    |     raise err
    |   File "C:\Users\vishal6385\Desktop\m g ai\orion--AI\backend\venv\Lib\site-packages\mysql\connector\_decorating.py", line 85, in handle_cnx_method
    |     return cnx_method(cnx, *args, **kwargs)
    |            ^^^^^^^^^^^^^^^^^^^^^^^^^^^^^^^^
    |   File "C:\Users\vishal6385\Desktop\m g ai\orion--AI\backend\venv\Lib\site-packages\mysql\connector\connection.py", line 745, in _handle_result
    |     raise get_exception(packet)
    | mysql.connector.errors.ProgrammingError: 1054 (42S22): Unknown column 'sp.section' in 'field list'
    +------------------------------------

During handling of the above exception, another exception occurred:

Traceback (most recent call last):
  File "C:\Users\vishal6385\Desktop\m g ai\orion--AI\backend\venv\Lib\site-packages\uvicorn\protocols\http\httptools_impl.py", line 409, in run_asgi
    result = await app(  # type: ignore[func-returns-value]
             ^^^^^^^^^^^^^^^^^^^^^^^^^^^^^^^^^^^^^^^^^^^^^^
  File "C:\Users\vishal6385\Desktop\m g ai\orion--AI\backend\venv\Lib\site-packages\uvicorn\middleware\proxy_headers.py", line 60, in __call__
    return await self.app(scope, receive, send)
           ^^^^^^^^^^^^^^^^^^^^^^^^^^^^^^^^^^^^
  File "C:\Users\vishal6385\Desktop\m g ai\orion--AI\backend\venv\Lib\site-packages\fastapi\applications.py", line 1054, in __call__
    await super().__call__(scope, receive, send)
  File "C:\Users\vishal6385\Desktop\m g ai\orion--AI\backend\venv\Lib\site-packages\starlette\applications.py", line 113, in __call__
    await self.middleware_stack(scope, receive, send)
  File "C:\Users\vishal6385\Desktop\m g ai\orion--AI\backend\venv\Lib\site-packages\starlette\middleware\errors.py", line 186, in __call__
    raise exc
  File "C:\Users\vishal6385\Desktop\m g ai\orion--AI\backend\venv\Lib\site-packages\starlette\middleware\errors.py", line 164, in __call__
    await self.app(scope, receive, _send)
  File "C:\Users\vishal6385\Desktop\m g ai\orion--AI\backend\venv\Lib\site-packages\starlette\middleware\base.py", line 182, in __call__
    with recv_stream, send_stream, collapse_excgroups():
                                   ^^^^^^^^^^^^^^^^^^^^
  File "C:\Program Files\WindowsApps\PythonSoftwareFoundation.Python.3.12_3.12.2800.0_x64__qbz5n2kfra8p0\Lib\contextlib.py", line 158, in __exit__
    self.gen.throw(value)
  File "C:\Users\vishal6385\Desktop\m g ai\orion--AI\backend\venv\Lib\site-packages\starlette\_utils.py", line 85, in collapse_excgroups
    raise exc
  File "C:\Users\vishal6385\Desktop\m g ai\orion--AI\backend\venv\Lib\site-packages\starlette\middleware\base.py", line 184, in __call__
    response = await self.dispatch_func(request, call_next)
               ^^^^^^^^^^^^^^^^^^^^^^^^^^^^^^^^^^^^^^^^^^^^
  File "C:\Users\vishal6385\Desktop\m g ai\orion--AI\backend\main.py", line 75, in dispatch
    return await call_next(request)
           ^^^^^^^^^^^^^^^^^^^^^^^^
  File "C:\Users\vishal6385\Desktop\m g ai\orion--AI\backend\venv\Lib\site-packages\starlette\middleware\base.py", line 159, in call_next
    raise app_exc
  File "C:\Users\vishal6385\Desktop\m g ai\orion--AI\backend\venv\Lib\site-packages\starlette\middleware\base.py", line 144, in coro
    await self.app(scope, receive_or_disconnect, send_no_error)
  File "C:\Users\vishal6385\Desktop\m g ai\orion--AI\backend\venv\Lib\site-packages\starlette\middleware\cors.py", line 93, in __call__
    await self.simple_response(scope, receive, send, request_headers=headers)
  File "C:\Users\vishal6385\Desktop\m g ai\orion--AI\backend\venv\Lib\site-packages\starlette\middleware\cors.py", line 144, in simple_response
    await self.app(scope, receive, send)
  File "C:\Users\vishal6385\Desktop\m g ai\orion--AI\backend\venv\Lib\site-packages\starlette\middleware\exceptions.py", line 63, in __call__
    await wrap_app_handling_exceptions(self.app, conn)(scope, receive, send)
  File "C:\Users\vishal6385\Desktop\m g ai\orion--AI\backend\venv\Lib\site-packages\starlette\_exception_handler.py", line 53, in wrapped_app
    raise exc
  File "C:\Users\vishal6385\Desktop\m g ai\orion--AI\backend\venv\Lib\site-packages\starlette\_exception_handler.py", line 42, in wrapped_app
    await app(scope, receive, sender)
  File "C:\Users\vishal6385\Desktop\m g ai\orion--AI\backend\venv\Lib\site-packages\starlette\routing.py", line 716, in __call__
    await self.middleware_stack(scope, receive, send)
  File "C:\Users\vishal6385\Desktop\m g ai\orion--AI\backend\venv\Lib\site-packages\starlette\routing.py", line 736, in app
    await route.handle(scope, receive, send)
  File "C:\Users\vishal6385\Desktop\m g ai\orion--AI\backend\venv\Lib\site-packages\starlette\routing.py", line 290, in handle
    await self.app(scope, receive, send)
  File "C:\Users\vishal6385\Desktop\m g ai\orion--AI\backend\venv\Lib\site-packages\starlette\routing.py", line 78, in app
    await wrap_app_handling_exceptions(app, request)(scope, receive, send)
  File "C:\Users\vishal6385\Desktop\m g ai\orion--AI\backend\venv\Lib\site-packages\starlette\_exception_handler.py", line 53, in wrapped_app
    raise exc
  File "C:\Users\vishal6385\Desktop\m g ai\orion--AI\backend\venv\Lib\site-packages\starlette\_exception_handler.py", line 42, in wrapped_app
    await app(scope, receive, sender)
  File "C:\Users\vishal6385\Desktop\m g ai\orion--AI\backend\venv\Lib\site-packages\starlette\routing.py", line 75, in app
    response = await f(request)
               ^^^^^^^^^^^^^^^^
  File "C:\Users\vishal6385\Desktop\m g ai\orion--AI\backend\venv\Lib\site-packages\fastapi\routing.py", line 292, in app
    solved_result = await solve_dependencies(
                    ^^^^^^^^^^^^^^^^^^^^^^^^^
  File "C:\Users\vishal6385\Desktop\m g ai\orion--AI\backend\venv\Lib\site-packages\fastapi\dependencies\utils.py", line 640, in solve_dependencies
    solved = await run_in_threadpool(call, **solved_result.values)
             ^^^^^^^^^^^^^^^^^^^^^^^^^^^^^^^^^^^^^^^^^^^^^^^^^^^^^
  File "C:\Users\vishal6385\Desktop\m g ai\orion--AI\backend\venv\Lib\site-packages\starlette\concurrency.py", line 38, in run_in_threadpool
    return await anyio.to_thread.run_sync(func)
           ^^^^^^^^^^^^^^^^^^^^^^^^^^^^^^^^^^^^
  File "C:\Users\vishal6385\Desktop\m g ai\orion--AI\backend\venv\Lib\site-packages\anyio\to_thread.py", line 65, in run_sync
    return await get_async_backend().run_sync_in_worker_thread(
           ^^^^^^^^^^^^^^^^^^^^^^^^^^^^^^^^^^^^^^^^^^^^^^^^^^^^
  File "C:\Users\vishal6385\Desktop\m g ai\orion--AI\backend\venv\Lib\site-packages\anyio\_backends\_asyncio.py", line 2641, in run_sync_in_worker_thread
    return await future
           ^^^^^^^^^^^^
  File "C:\Users\vishal6385\Desktop\m g ai\orion--AI\backend\venv\Lib\site-packages\anyio\_backends\_asyncio.py", line 1033, in run
    result = context.run(func, *args)
             ^^^^^^^^^^^^^^^^^^^^^^^^
  File "C:\Users\vishal6385\Desktop\m g ai\orion--AI\backend\security.py", line 63, in get_current_user
    user = queries.get_user_by_id(connection, user_id)
           ^^^^^^^^^^^^^^^^^^^^^^^^^^^^^^^^^^^^^^^^^^^
  File "C:\Users\vishal6385\Desktop\m g ai\orion--AI\backend\database\queries.py", line 57, in get_user_by_id
    return fetch_one(
           ^^^^^^^^^^
  File "C:\Users\vishal6385\Desktop\m g ai\orion--AI\backend\database\queries.py", line 12, in fetch_one
    cursor.execute(query, params)
  File "C:\Users\vishal6385\Desktop\m g ai\orion--AI\backend\venv\Lib\site-packages\mysql\connector\cursor.py", line 418, in execute
    self._connection.cmd_query(
  File "C:\Users\vishal6385\Desktop\m g ai\orion--AI\backend\venv\Lib\site-packages\mysql\connector\opentelemetry\context_propagation.py", line 97, in wrapper
    return method(cnx, *args, **kwargs)
           ^^^^^^^^^^^^^^^^^^^^^^^^^^^^
  File "C:\Users\vishal6385\Desktop\m g ai\orion--AI\backend\venv\Lib\site-packages\mysql\connector\_decorating.py", line 89, in handle_cnx_method
    raise err
  File "C:\Users\vishal6385\Desktop\m g ai\orion--AI\backend\venv\Lib\site-packages\mysql\connector\_decorating.py", line 85, in handle_cnx_method
    return cnx_method(cnx, *args, **kwargs)
           ^^^^^^^^^^^^^^^^^^^^^^^^^^^^^^^^
  File "C:\Users\vishal6385\Desktop\m g ai\orion--AI\backend\venv\Lib\site-packages\mysql\connector\connection.py", line 984, in cmd_query
    result = self._handle_result(
             ^^^^^^^^^^^^^^^^^^^^
  File "C:\Users\vishal6385\Desktop\m g ai\orion--AI\backend\venv\Lib\site-packages\mysql\connector\_decorating.py", line 89, in handle_cnx_method
    raise err
  File "C:\Users\vishal6385\Desktop\m g ai\orion--AI\backend\venv\Lib\site-packages\mysql\connector\_decorating.py", line 85, in handle_cnx_method
    return cnx_method(cnx, *args, **kwargs)
           ^^^^^^^^^^^^^^^^^^^^^^^^^^^^^^^^
  File "C:\Users\vishal6385\Desktop\m g ai\orion--AI\backend\venv\Lib\site-packages\mysql\connector\connection.py", line 745, in _handle_result
    raise get_exception(packet)
mysql.connector.errors.ProgrammingError: 1054 (42S22): Unknown column 'sp.section' in 'field list'
INFO:     127.0.0.1:54045 - "GET /health HTTP/1.1" 200 OK
